<?xml version="1.0" encoding="UTF-8"?>
<testsuite name="nfeTest" time="2.248" tests="6" errors="0" skipped="0" failures="1">
  <properties>
    <property name="java.runtime.name" value="Java(TM) SE Runtime Environment"/>
    <property name="sun.boot.library.path" value="/home/darthd3v/jdk1.8.0_171/jre/lib/amd64"/>
    <property name="java.vm.version" value="25.171-b11"/>
    <property name="java.vm.vendor" value="Oracle Corporation"/>
    <property name="java.vendor.url" value="http://java.oracle.com/"/>
    <property name="path.separator" value=":"/>
    <property name="guice.disable.misplaced.annotation.check" value="true"/>
    <property name="java.vm.name" value="Java HotSpot(TM) 64-Bit Server VM"/>
    <property name="file.encoding.pkg" value="sun.io"/>
    <property name="user.country" value="PT"/>
    <property name="sun.java.launcher" value="SUN_STANDARD"/>
    <property name="sun.os.patch.level" value="unknown"/>
    <property name="test" value="nfeTest"/>
    <property name="java.vm.specification.name" value="Java Virtual Machine Specification"/>
    <property name="user.dir" value="/home/darthd3v/NetBeansProjects/testeluizalabs/apiRest"/>
    <property name="java.runtime.version" value="1.8.0_171-b11"/>
    <property name="java.awt.graphicsenv" value="sun.awt.X11GraphicsEnvironment"/>
    <property name="java.endorsed.dirs" value="/home/darthd3v/jdk1.8.0_171/jre/lib/endorsed"/>
    <property name="os.arch" value="amd64"/>
    <property name="java.io.tmpdir" value="/tmp"/>
    <property name="line.separator" value="&#10;"/>
    <property name="java.vm.specification.vendor" value="Oracle Corporation"/>
    <property name="os.name" value="Linux"/>
    <property name="maven.ext.class.path" value="/home/darthd3v/netbeans-8.2/java/maven-nblib/netbeans-eventspy.jar"/>
    <property name="classworlds.conf" value="/home/darthd3v/netbeans-8.2/java/maven/bin/m2.conf"/>
    <property name="sun.jnu.encoding" value="UTF-8"/>
    <property name="java.library.path" value="/home/darthd3v/jdk1.8.0_171/jre/lib/amd64:/home/darthd3v/jdk1.8.0_171/jre/lib/i386::/usr/java/packages/lib/amd64:/usr/lib64:/lib64:/lib:/usr/lib"/>
    <property name="java.specification.name" value="Java Platform API Specification"/>
    <property name="java.class.version" value="52.0"/>
    <property name="sun.management.compiler" value="HotSpot 64-Bit Tiered Compilers"/>
    <property name="os.version" value="4.15.0-45-generic"/>
    <property name="user.home" value="/home/darthd3v"/>
    <property name="user.timezone" value="America/Sao_Paulo"/>
    <property name="java.awt.printerjob" value="sun.print.PSPrinterJob"/>
    <property name="java.specification.version" value="1.8"/>
    <property name="file.encoding" value="UTF-8"/>
    <property name="user.name" value="darthd3v"/>
    <property name="java.class.path" value="/home/darthd3v/netbeans-8.2/java/maven/boot/plexus-classworlds-2.4.jar"/>
    <property name="java.vm.specification.version" value="1.8"/>
    <property name="sun.arch.data.model" value="64"/>
    <property name="java.home" value="/home/darthd3v/jdk1.8.0_171/jre"/>
    <property name="sun.java.command" value="org.codehaus.plexus.classworlds.launcher.Launcher -Dtest=nfeTest -Dmaven.ext.class.path=/home/darthd3v/netbeans-8.2/java/maven-nblib/netbeans-eventspy.jar surefire:test"/>
    <property name="java.specification.vendor" value="Oracle Corporation"/>
    <property name="user.language" value="pt"/>
    <property name="awt.toolkit" value="sun.awt.X11.XToolkit"/>
    <property name="java.vm.info" value="mixed mode"/>
    <property name="java.version" value="1.8.0_171"/>
    <property name="java.ext.dirs" value="/home/darthd3v/jdk1.8.0_171/jre/lib/ext:/usr/java/packages/lib/ext"/>
    <property name="securerandom.source" value="file:/dev/./urandom"/>
    <property name="sun.boot.class.path" value="/home/darthd3v/jdk1.8.0_171/jre/lib/resources.jar:/home/darthd3v/jdk1.8.0_171/jre/lib/rt.jar:/home/darthd3v/jdk1.8.0_171/jre/lib/sunrsasign.jar:/home/darthd3v/jdk1.8.0_171/jre/lib/jsse.jar:/home/darthd3v/jdk1.8.0_171/jre/lib/jce.jar:/home/darthd3v/jdk1.8.0_171/jre/lib/charsets.jar:/home/darthd3v/jdk1.8.0_171/jre/lib/jfr.jar:/home/darthd3v/jdk1.8.0_171/jre/classes"/>
    <property name="java.vendor" value="Oracle Corporation"/>
    <property name="maven.home" value="/home/darthd3v/netbeans-8.2/java/maven"/>
    <property name="file.separator" value="/"/>
    <property name="java.vendor.url.bug" value="http://bugreport.sun.com/bugreport/"/>
    <property name="sun.cpu.endian" value="little"/>
    <property name="sun.io.unicode.encoding" value="UnicodeLittle"/>
    <property name="sun.desktop" value="gnome"/>
    <property name="sun.cpu.isalist" value=""/>
  </properties>
  <testcase name="periodoTipoSomatorio" classname="nfeTest" time="2.005"/>
  <testcase name="periodoTipo" classname="nfeTest" time="0.051"/>
  <testcase name="filterChave" classname="nfeTest" time="0.072">
    <failure message="1 expectation failed.&#10;Expected content-type &quot;JSON&quot; doesn&apos;t match actual content-type &quot;&quot;.&#10;" type="java.lang.AssertionError">java.lang.AssertionError: 1 expectation failed.
Expected content-type "JSON" doesn't match actual content-type "".

	at sun.reflect.NativeConstructorAccessorImpl.newInstance0(Native Method)
	at sun.reflect.NativeConstructorAccessorImpl.newInstance(NativeConstructorAccessorImpl.java:62)
	at sun.reflect.DelegatingConstructorAccessorImpl.newInstance(DelegatingConstructorAccessorImpl.java:45)
	at java.lang.reflect.Constructor.newInstance(Constructor.java:423)
	at org.codehaus.groovy.reflection.CachedConstructor.invoke(CachedConstructor.java:83)
	at org.codehaus.groovy.reflection.CachedConstructor.doConstructorInvoke(CachedConstructor.java:77)
	at org.codehaus.groovy.runtime.callsite.ConstructorSite$ConstructorSiteNoUnwrap.callConstructor(ConstructorSite.java:84)
	at org.codehaus.groovy.runtime.callsite.CallSiteArray.defaultCallConstructor(CallSiteArray.java:60)
	at org.codehaus.groovy.runtime.callsite.AbstractCallSite.callConstructor(AbstractCallSite.java:235)
	at org.codehaus.groovy.runtime.callsite.AbstractCallSite.callConstructor(AbstractCallSite.java:247)
	at io.restassured.internal.ResponseSpecificationImpl$HamcrestAssertionClosure.validate(ResponseSpecificationImpl.groovy:451)
	at io.restassured.internal.ResponseSpecificationImpl$HamcrestAssertionClosure$validate$1.call(Unknown Source)
	at io.restassured.internal.ResponseSpecificationImpl.validateResponseIfRequired(ResponseSpecificationImpl.groovy:613)
	at sun.reflect.NativeMethodAccessorImpl.invoke0(Native Method)
	at sun.reflect.NativeMethodAccessorImpl.invoke(NativeMethodAccessorImpl.java:62)
	at sun.reflect.DelegatingMethodAccessorImpl.invoke(DelegatingMethodAccessorImpl.java:43)
	at java.lang.reflect.Method.invoke(Method.java:498)
	at org.codehaus.groovy.runtime.callsite.PogoMetaMethodSite$PogoCachedMethodSiteNoUnwrapNoCoerce.invoke(PogoMetaMethodSite.java:210)
	at org.codehaus.groovy.runtime.callsite.PogoMetaMethodSite.callCurrent(PogoMetaMethodSite.java:59)
	at org.codehaus.groovy.runtime.callsite.AbstractCallSite.callCurrent(AbstractCallSite.java:166)
	at io.restassured.internal.ResponseSpecificationImpl.contentType(ResponseSpecificationImpl.groovy:379)
	at io.restassured.internal.ValidatableResponseOptionsImpl.contentType(ValidatableResponseOptionsImpl.java:244)
	at nfeTest.filterChave(nfeTest.java:76)
</failure>
    <system-out><![CDATA[12:29:21.818 [main] DEBUG org.apache.http.impl.conn.BasicClientConnectionManager - Get connection for route {}->http://localhost:8080
12:29:21.818 [main] DEBUG org.apache.http.impl.conn.DefaultClientConnectionOperator - Connecting to localhost:8080
12:29:21.819 [main] DEBUG org.apache.http.client.protocol.RequestAddCookies - CookieSpec selected: ignoreCookies
12:29:21.819 [main] DEBUG org.apache.http.client.protocol.RequestAuthCache - Auth cache not set in the context
12:29:21.819 [main] DEBUG org.apache.http.client.protocol.RequestTargetAuthentication - Target auth state: UNCHALLENGED
12:29:21.819 [main] DEBUG org.apache.http.client.protocol.RequestProxyAuthentication - Proxy auth state: UNCHALLENGED
12:29:21.819 [main] DEBUG org.apache.http.impl.client.DefaultHttpClient - Attempt 1 to execute request
12:29:21.820 [main] DEBUG org.apache.http.impl.conn.DefaultClientConnection - Sending request: GET /nfe/filter/chave/8.99588614556625E%2B043 HTTP/1.1
12:29:21.820 [main] DEBUG org.apache.http.wire -  >> "GET /nfe/filter/chave/8.99588614556625E%2B043 HTTP/1.1[\r][\n]"
12:29:21.820 [main] DEBUG org.apache.http.wire -  >> "Accept: */*[\r][\n]"
12:29:21.820 [main] DEBUG org.apache.http.wire -  >> "Content-Length: 0[\r][\n]"
12:29:21.820 [main] DEBUG org.apache.http.wire -  >> "Host: localhost:8080[\r][\n]"
12:29:21.820 [main] DEBUG org.apache.http.wire -  >> "Connection: Keep-Alive[\r][\n]"
12:29:21.821 [main] DEBUG org.apache.http.wire -  >> "User-Agent: Apache-HttpClient/4.5.3 (Java/1.8.0_171)[\r][\n]"
12:29:21.821 [main] DEBUG org.apache.http.wire -  >> "Accept-Encoding: gzip,deflate[\r][\n]"
12:29:21.821 [main] DEBUG org.apache.http.wire -  >> "[\r][\n]"
12:29:21.821 [main] DEBUG org.apache.http.headers - >> GET /nfe/filter/chave/8.99588614556625E%2B043 HTTP/1.1
12:29:21.821 [main] DEBUG org.apache.http.headers - >> Accept: */*
12:29:21.821 [main] DEBUG org.apache.http.headers - >> Content-Length: 0
12:29:21.821 [main] DEBUG org.apache.http.headers - >> Host: localhost:8080
12:29:21.821 [main] DEBUG org.apache.http.headers - >> Connection: Keep-Alive
12:29:21.822 [main] DEBUG org.apache.http.headers - >> User-Agent: Apache-HttpClient/4.5.3 (Java/1.8.0_171)
12:29:21.822 [main] DEBUG org.apache.http.headers - >> Accept-Encoding: gzip,deflate
12:29:21.834 [main] DEBUG org.apache.http.wire -  << "HTTP/1.1 200 [\r][\n]"
12:29:21.835 [main] DEBUG org.apache.http.wire -  << "Content-Length: 0[\r][\n]"
12:29:21.835 [main] DEBUG org.apache.http.wire -  << "Date: Sat, 20 Apr 2019 15:29:21 GMT[\r][\n]"
12:29:21.835 [main] DEBUG org.apache.http.wire -  << "[\r][\n]"
12:29:21.835 [main] DEBUG org.apache.http.impl.conn.DefaultClientConnection - Receiving response: HTTP/1.1 200 
12:29:21.836 [main] DEBUG org.apache.http.headers - << HTTP/1.1 200 
12:29:21.837 [main] DEBUG org.apache.http.headers - << Content-Length: 0
12:29:21.838 [main] DEBUG org.apache.http.headers - << Date: Sat, 20 Apr 2019 15:29:21 GMT
12:29:21.838 [main] DEBUG org.apache.http.impl.client.DefaultHttpClient - Connection can be kept alive indefinitely
]]></system-out>
  </testcase>
  <testcase name="filterDoc" classname="nfeTest" time="0.046"/>
  <testcase name="findAll" classname="nfeTest" time="0.033"/>
  <testcase name="filterStatus" classname="nfeTest" time="0.041"/>
</testsuite>